# JRE version: OpenJDK Runtime Environment (16.0+36) (build 16+36-2231)
# Java VM: OpenJDK 64-Bit Server VM (16+36-2231, mixed mode, sharing, tiered, compressed oops, g1 gc, windows-amd64)
GC Precious Log:
 CPUs: 4 total, 4 available
 Memory: 16295M
 Large Page Support: Disabled
 NUMA Support: Disabled
 Compressed Oops: Enabled (Zero based)
 Heap Region Size: 2M
 Heap Min Capacity: 8M
 Heap Initial Capacity: 256M
 Heap Max Capacity: 4074M
 Pre-touch: Disabled
 Parallel Workers: 4
 Concurrent Workers: 1
 Concurrent Refinement Workers: 4
 Periodic GC: Disabled
Heap:
 garbage-first heap   total 262144K, used 22464K [0x0000000701600000, 0x0000000800000000)
  region size 2048K, 10 young (20480K), 2 survivors (4096K)
 Metaspace       used 14679K, committed 14912K, reserved 1064960K
  class space    used 1770K, committed 1856K, reserved 1048576K
GC Heap History (6 events):
Event: 1.075 GC heap before
{Heap before GC invocations=0 (full 0):
 garbage-first heap   total 262144K, used 12288K [0x0000000701600000, 0x0000000800000000)
  region size 2048K, 6 young (12288K), 0 survivors (0K)
 Metaspace       used 2637K, committed 2816K, reserved 1056768K
  class space    used 231K, committed 320K, reserved 1048576K
}
Event: 1.095 GC heap after
{Heap after GC invocations=1 (full 0):
 garbage-first heap   total 262144K, used 5422K [0x0000000701600000, 0x0000000800000000)
  region size 2048K, 1 young (2048K), 1 survivors (2048K)
 Metaspace       used 2637K, committed 2816K, reserved 1056768K
  class space    used 231K, committed 320K, reserved 1048576K
}
Event: 1.797 GC heap before
{Heap before GC invocations=1 (full 0):
 garbage-first heap   total 262144K, used 15662K [0x0000000701600000, 0x0000000800000000)
  region size 2048K, 6 young (12288K), 1 survivors (2048K)
 Metaspace       used 5671K, committed 5824K, reserved 1056768K
  class space    used 612K, committed 704K, reserved 1048576K
}
Event: 1.800 GC heap after
{Heap after GC invocations=2 (full 0):
 garbage-first heap   total 262144K, used 6889K [0x0000000701600000, 0x0000000800000000)
  region size 2048K, 1 young (2048K), 1 survivors (2048K)
 Metaspace       used 5671K, committed 5824K, reserved 1056768K
  class space    used 612K, committed 704K, reserved 1048576K
}
Event: 2.866 GC heap before
{Heap before GC invocations=2 (full 0):
 garbage-first heap   total 262144K, used 27369K [0x0000000701600000, 0x0000000800000000)
  region size 2048K, 13 young (26624K), 1 survivors (2048K)
 Metaspace       used 11300K, committed 11584K, reserved 1064960K
  class space    used 1321K, committed 1472K, reserved 1048576K
}
Event: 2.871 GC heap after
{Heap after GC invocations=3 (full 0):
 garbage-first heap   total 262144K, used 8128K [0x0000000701600000, 0x0000000800000000)
  region size 2048K, 2 young (4096K), 2 survivors (4096K)
 Metaspace       used 11300K, committed 11584K, reserved 1064960K
  class space    used 1321K, committed 1472K, reserved 1048576K
}

